[     129ms] [ERROR] Failed to fetch RSC payload for https://bigmuddytouring.com/ops. Falling back to browser navigation. TypeError: Failed to fetch
    at s (https://bigmuddytouring.com/_next/static/chunks/4963-1af9772dc2625668.js:1:45182)
    at https://bigmuddytouring.com/_next/static/chunks/4963-1af9772dc2625668.js:1:58708
    at Object.u [as task] (https://bigmuddytouring.com/_next/static/chunks/4963-1af9772dc2625668.js:1:31627)
    at c.s (https://bigmuddytouring.com/_next/static/chunks/4963-1af9772dc2625668.js:1:32332)
    at c.enqueue (https://bigmuddytouring.com/_next/static/chunks/4963-1af9772dc2625668.js:1:31757)
    at s (https://bigmuddytouring.com/_next/static/chunks/4963-1af9772dc2625668.js:1:58671)
    at i (https://bigmuddytouring.com/_next/static/chunks/4963-1af9772dc2625668.js:1:58211)
    at a (https://bigmuddytouring.com/_next/static/chunks/4963-1af9772dc2625668.js:1:64997)
    at f (https://bigmuddytouring.com/_next/static/chunks/4963-1af9772dc2625668.js:1:74717)
    at Object.action (https://bigmuddytouring.com/_next/static/chunks/4963-1af9772dc2625668.js:2:7084) @ https://bigmuddytouring.com/_next/static/chunks/4963-1af9772dc2625668.js:0
[     130ms] [ERROR] Failed to fetch RSC payload for https://bigmuddytouring.com/ops/content. Falling back to browser navigation. TypeError: Failed to fetch
    at s (https://bigmuddytouring.com/_next/static/chunks/4963-1af9772dc2625668.js:1:45182)
    at https://bigmuddytouring.com/_next/static/chunks/4963-1af9772dc2625668.js:1:58708
    at Object.u [as task] (https://bigmuddytouring.com/_next/static/chunks/4963-1af9772dc2625668.js:1:31627)
    at c.s (https://bigmuddytouring.com/_next/static/chunks/4963-1af9772dc2625668.js:1:32332)
    at c.enqueue (https://bigmuddytouring.com/_next/static/chunks/4963-1af9772dc2625668.js:1:31757)
    at s (https://bigmuddytouring.com/_next/static/chunks/4963-1af9772dc2625668.js:1:58671)
    at i (https://bigmuddytouring.com/_next/static/chunks/4963-1af9772dc2625668.js:1:58211)
    at a (https://bigmuddytouring.com/_next/static/chunks/4963-1af9772dc2625668.js:1:64997)
    at f (https://bigmuddytouring.com/_next/static/chunks/4963-1af9772dc2625668.js:1:74717)
    at Object.action (https://bigmuddytouring.com/_next/static/chunks/4963-1af9772dc2625668.js:2:7084) @ https://bigmuddytouring.com/_next/static/chunks/4963-1af9772dc2625668.js:0
[     130ms] [ERROR] Failed to fetch RSC payload for https://bigmuddytouring.com/ops/reviews. Falling back to browser navigation. TypeError: Failed to fetch
    at s (https://bigmuddytouring.com/_next/static/chunks/4963-1af9772dc2625668.js:1:45182)
    at https://bigmuddytouring.com/_next/static/chunks/4963-1af9772dc2625668.js:1:58708
    at Object.u [as task] (https://bigmuddytouring.com/_next/static/chunks/4963-1af9772dc2625668.js:1:31627)
    at c.s (https://bigmuddytouring.com/_next/static/chunks/4963-1af9772dc2625668.js:1:32332)
    at c.enqueue (https://bigmuddytouring.com/_next/static/chunks/4963-1af9772dc2625668.js:1:31757)
    at s (https://bigmuddytouring.com/_next/static/chunks/4963-1af9772dc2625668.js:1:58671)
    at i (https://bigmuddytouring.com/_next/static/chunks/4963-1af9772dc2625668.js:1:58211)
    at a (https://bigmuddytouring.com/_next/static/chunks/4963-1af9772dc2625668.js:1:64997)
    at f (https://bigmuddytouring.com/_next/static/chunks/4963-1af9772dc2625668.js:1:74717)
    at Object.action (https://bigmuddytouring.com/_next/static/chunks/4963-1af9772dc2625668.js:2:7084) @ https://bigmuddytouring.com/_next/static/chunks/4963-1af9772dc2625668.js:0
[     130ms] [ERROR] Failed to fetch RSC payload for https://bigmuddytouring.com/ops/tasks. Falling back to browser navigation. TypeError: Failed to fetch
    at s (https://bigmuddytouring.com/_next/static/chunks/4963-1af9772dc2625668.js:1:45182)
    at https://bigmuddytouring.com/_next/static/chunks/4963-1af9772dc2625668.js:1:58708
    at Object.u [as task] (https://bigmuddytouring.com/_next/static/chunks/4963-1af9772dc2625668.js:1:31627)
    at c.s (https://bigmuddytouring.com/_next/static/chunks/4963-1af9772dc2625668.js:1:32332)
    at c.enqueue (https://bigmuddytouring.com/_next/static/chunks/4963-1af9772dc2625668.js:1:31757)
    at s (https://bigmuddytouring.com/_next/static/chunks/4963-1af9772dc2625668.js:1:58671)
    at i (https://bigmuddytouring.com/_next/static/chunks/4963-1af9772dc2625668.js:1:58211)
    at a (https://bigmuddytouring.com/_next/static/chunks/4963-1af9772dc2625668.js:1:64997)
    at f (https://bigmuddytouring.com/_next/static/chunks/4963-1af9772dc2625668.js:1:74717)
    at Object.action (https://bigmuddytouring.com/_next/static/chunks/4963-1af9772dc2625668.js:2:7084) @ https://bigmuddytouring.com/_next/static/chunks/4963-1af9772dc2625668.js:0
[     130ms] [ERROR] Failed to fetch RSC payload for https://bigmuddytouring.com/ops/property. Falling back to browser navigation. TypeError: Failed to fetch
    at s (https://bigmuddytouring.com/_next/static/chunks/4963-1af9772dc2625668.js:1:45182)
    at https://bigmuddytouring.com/_next/static/chunks/4963-1af9772dc2625668.js:1:58708
    at Object.u [as task] (https://bigmuddytouring.com/_next/static/chunks/4963-1af9772dc2625668.js:1:31627)
    at c.s (https://bigmuddytouring.com/_next/static/chunks/4963-1af9772dc2625668.js:1:32332)
    at c.enqueue (https://bigmuddytouring.com/_next/static/chunks/4963-1af9772dc2625668.js:1:31757)
    at s (https://bigmuddytouring.com/_next/static/chunks/4963-1af9772dc2625668.js:1:58671)
    at i (https://bigmuddytouring.com/_next/static/chunks/4963-1af9772dc2625668.js:1:58211)
    at a (https://bigmuddytouring.com/_next/static/chunks/4963-1af9772dc2625668.js:1:64997)
    at f (https://bigmuddytouring.com/_next/static/chunks/4963-1af9772dc2625668.js:1:74717)
    at Object.action (https://bigmuddytouring.com/_next/static/chunks/4963-1af9772dc2625668.js:2:7084) @ https://bigmuddytouring.com/_next/static/chunks/4963-1af9772dc2625668.js:0
[     430ms] [ERROR] Failed to load resource: the server responded with a status of 404 () @ https://bigmuddytouring.com/ops/gallery?_rsc=zymat:0
